2024-06-23 06:24:40.094 [info] ログ レベル: Info
2024-06-23 06:24:40.094 [info] Git の検証が検出されました: "git"
2024-06-23 06:24:40.094 [info] "git" から Git "2.30.2" を使用しています
2024-06-23 06:24:40.094 [info] > git rev-parse --show-toplevel [145ms]
2024-06-23 06:24:40.094 [info] > git rev-parse --git-dir --git-common-dir [13ms]
2024-06-23 06:24:40.095 [info] Open repository: /home/cansat-stu
2024-06-23 06:24:40.218 [info] > git rev-parse --show-toplevel [70ms]
2024-06-23 06:24:40.225 [info] > git config --get commit.template [88ms]
2024-06-23 06:24:40.298 [info] > git rev-parse --show-toplevel [44ms]
2024-06-23 06:24:40.319 [info] > git for-each-ref --format=%(refname)%00%(upstream:short)%00%(objectname)%00%(upstream:track)%00%(upstream:remotename)%00%(upstream:remoteref) refs/heads/main refs/remotes/main [39ms]
2024-06-23 06:24:40.343 [info] > git rev-parse --show-toplevel [30ms]
2024-06-23 06:24:40.375 [info] > git rev-parse --show-toplevel [18ms]
2024-06-23 06:24:40.414 [info] > git rev-parse --show-toplevel [15ms]
2024-06-23 06:24:40.442 [info] > git rev-parse --show-toplevel [11ms]
2024-06-23 06:24:40.472 [info] > git rev-parse --show-toplevel [14ms]
2024-06-23 06:24:40.494 [info] > git rev-parse --show-toplevel [9ms]
2024-06-23 06:24:40.527 [info] > git rev-parse --show-toplevel [19ms]
2024-06-23 06:24:40.557 [info] > git rev-parse --show-toplevel [15ms]
2024-06-23 06:24:40.585 [info] > git rev-parse --show-toplevel [14ms]
2024-06-23 06:24:40.607 [info] > git rev-parse --show-toplevel [9ms]
2024-06-23 06:24:40.661 [info] > git rev-parse --show-toplevel [12ms]
2024-06-23 06:24:40.694 [info] > git rev-parse --show-toplevel [15ms]
2024-06-23 06:24:40.763 [info] > git rev-parse --show-toplevel [27ms]
2024-06-23 06:24:40.919 [info] > git rev-parse --show-toplevel [144ms]
2024-06-23 06:24:41.494 [info] > git check-ignore -v -z --stdin [775ms]
2024-06-23 06:24:42.261 [info] > git rev-parse --show-toplevel [777ms]
2024-06-23 06:24:42.322 [info] > git rev-parse --show-toplevel [29ms]
2024-06-23 06:24:42.365 [info] > git rev-parse --show-toplevel [25ms]
2024-06-23 06:24:42.421 [info] > git rev-parse --show-toplevel [26ms]
2024-06-23 06:24:42.456 [info] > git rev-parse --show-toplevel [23ms]
2024-06-23 06:24:42.488 [info] > git rev-parse --show-toplevel [18ms]
2024-06-23 06:24:42.523 [info] > git rev-parse --show-toplevel [23ms]
2024-06-23 06:24:42.570 [info] > git rev-parse --show-toplevel [23ms]
2024-06-23 06:24:42.614 [info] > git rev-parse --show-toplevel [25ms]
2024-06-23 06:24:42.662 [info] > git rev-parse --show-toplevel [35ms]
2024-06-23 06:24:42.721 [info] > git rev-parse --show-toplevel [35ms]
2024-06-23 06:24:43.346 [info] > git ls-files --stage -- /home/cansat-stu/.ssh/id_rsa [73ms]
2024-06-23 06:24:43.427 [info] > git cat-file -s ae1e20b408339aa1ce44661691a02050c876a4c8 [68ms]
2024-06-23 06:24:43.448 [info] > git show --textconv :.ssh/id_rsa [193ms]
2024-06-23 06:24:47.043 [info] > git status -z -uall [6706ms]
2024-06-23 06:24:51.309 [info] > git config --get commit.template [48ms]
2024-06-23 06:24:52.249 [info] > git for-each-ref --format=%(refname)%00%(upstream:short)%00%(objectname)%00%(upstream:track)%00%(upstream:remotename)%00%(upstream:remoteref) refs/heads/main refs/remotes/main [924ms]
2024-06-23 06:25:17.617 [info] > git check-ignore -v -z --stdin [2450ms]
2024-06-23 06:25:23.999 [info] > git show --textconv :BMX055/BMX055.py [6098ms]
2024-06-23 06:25:24.035 [info] > git ls-files --stage -- /home/cansat-stu/BMX055/BMX055.py [6218ms]
2024-06-23 06:25:31.829 [info] > git cat-file -s 9a50af0801b393b47d4f84ed0868833b34a781f0 [7488ms]
2024-06-23 06:25:34.619 [info] > git check-ignore -v -z --stdin [3686ms]
2024-06-23 06:25:34.945 [info] > git status -z -uall [42681ms]
2024-06-23 06:27:21.514 [info] > git config --get commit.template [7038ms]
2024-06-23 06:27:35.951 [info] > git for-each-ref --format=%(refname)%00%(upstream:short)%00%(objectname)%00%(upstream:track)%00%(upstream:remotename)%00%(upstream:remoteref) refs/heads/main refs/remotes/main [19215ms]
