2024-04-20 04:38:48.426 [info] (Client) Pylance async client (2024.4.1) started with python extension (2024.4.1)
2024-04-20 04:38:54.200 [info] [Info  - 04:38:53] (1760) Pylance language server 2024.4.1 (pyright version 1.1.356, commit 6652c4a8) starting
2024-04-20 04:38:54.203 [info] [Info  - 04:38:54] (1760) Server root directory: file:///home/cansat-stu/.vscode-server/extensions/ms-python.vscode-pylance-2024.4.1/dist
2024-04-20 04:38:54.207 [info] [Info  - 04:38:54] (1760) Starting service instance "cansat-stu"
2024-04-20 04:38:54.586 [info] [Info  - 04:38:54] (1760) Setting environmentName for service "cansat-stu": "C:\Users\hayato\AppData\Local\Microsoft\WindowsApps\python3.10.exe"
2024-04-20 04:38:55.424 [info] [Info  - 04:38:55] (1760) Found 3 source files
2024-04-20 04:38:59.258 [info] [Info  - 04:38:59] (1760) Background analysis(1) root directory: file:///home/cansat-stu/.vscode-server/extensions/ms-python.vscode-pylance-2024.4.1/dist
2024-04-20 04:38:59.271 [info] [Info  - 04:38:59] (1760) Background analysis(1) started
2024-04-20 04:39:01.104 [info] [Info  - 04:39:01] (1760) Indexer background runner(2) root directory: file:///home/cansat-stu/.vscode-server/extensions/ms-python.vscode-pylance-2024.4.1/dist (index)
2024-04-20 04:39:01.106 [info] [Info  - 04:39:01] (1760) Indexing(2) started
2024-04-20 04:45:40.636 [info] [Info  - 04:45:38] (1760) [BG(1)] Long operation: checking: file:///home/cansat-stu/Op-test/02B_GPS.py (321677ms)
2024-04-20 04:45:49.704 [info] [Info  - 04:45:48] (1760) [BG(1)] Long operation: analyzing: file:///home/cansat-stu/Op-test/02B_GPS.py (325154ms)
2024-04-20 04:45:53.874 [info] [Info  - 04:45:53] (1760) [BG(1)] Long operation: SemanticTokens range 0:0 - 26:0 at file:///home/cansat-stu/Op-test/02B_GPS.py (3743ms)
2024-04-20 04:45:54.039 [info] [Info  - 04:45:54] (1760) [BG(1)] Long operation: analyzing: file:///home/cansat-stu/Op-test/02_GPS.py (3859ms)
2024-04-20 04:46:04.773 [info] [Info  - 04:46:04] (1760) [IDX(2)] Long operation: scan packages file:///home/cansat-stu (423336ms)
2024-04-20 04:46:04.802 [info] [Info  - 04:46:04] (1760) scanned(2) 122 files over 1 exec env
2024-04-20 04:59:57.977 [info] [Info  - 04:59:57] (1760) [IDX(2)] Long operation: parsing: file:///home/cansat-stu/.vscode-server/extensions/ms-python.vscode-pylance-2024.4.1/dist/typeshed-fallback/stubs/Pillow/PIL/__init__.pyi (73967ms)
2024-04-20 05:00:07.247 [info] [Info  - 05:00:06] (1760) [IDX(2)] Long operation: parsing: file:///home/cansat-stu/.vscode-server/extensions/ms-python.vscode-pylance-2024.4.1/dist/typeshed-fallback/stdlib/builtins.pyi (8953ms)
2024-04-20 05:00:09.696 [info] [Info  - 05:00:09] (1760) [IDX(2)] Long operation: binding: file:///home/cansat-stu/.vscode-server/extensions/ms-python.vscode-pylance-2024.4.1/dist/typeshed-fallback/stdlib/builtins.pyi (2485ms)
2024-04-20 05:00:09.752 [info] [Info  - 05:00:09] (1760) [IDX(2)] Long operation: indexing: file:///home/cansat-stu/.vscode-server/extensions/ms-python.vscode-pylance-2024.4.1/dist/typeshed-fallback/stubs/Pillow/PIL/__init__.pyi (85646ms)
2024-04-20 05:00:13.853 [info] [Info  - 05:00:13] (1760) [IDX(2)] Long operation: indexing: file:///home/cansat-stu/.vscode-server/extensions/ms-python.vscode-pylance-2024.4.1/dist/typeshed-fallback/stubs/beautifulsoup4/bs4/__init__.pyi (2057ms)
2024-04-20 05:00:16.586 [info] [Info  - 05:00:16] (1760) [IDX(2)] Long operation: indexing: file:///home/cansat-stu/.vscode-server/extensions/ms-python.vscode-pylance-2024.4.1/dist/typeshed-fallback/stubs/html5lib/html5lib/__init__.pyi (2135ms)
2024-04-20 05:02:00.031 [info] [Info  - 05:01:59] (1760) [IDX(2)] Long operation: parsing: file:///home/cansat-stu/.vscode-server/extensions/ms-python.vscode-pylance-2024.4.1/dist/typeshed-fallback/stubs/networkx/networkx/__init__.pyi (103227ms)
2024-04-20 05:02:04.648 [info] [Info  - 05:02:04] (1760) [IDX(2)] Long operation: binding: file:///home/cansat-stu/.vscode-server/extensions/ms-python.vscode-pylance-2024.4.1/dist/typeshed-fallback/stubs/networkx/networkx/__init__.pyi (3689ms)
2024-04-20 05:02:17.751 [info] [Info  - 05:02:16] (1760) [IDX(2)] Long operation: parsing: file:///home/cansat-stu/.vscode-server/extensions/ms-python.vscode-pylance-2024.4.1/dist/bundled/stubs/networkx/algorithms/similarity.pyi (4231ms)
2024-04-20 05:02:34.150 [info] [Info  - 05:02:32] (1760) [IDX(2)] Long operation: parsing: file:///home/cansat-stu/.vscode-server/extensions/ms-python.vscode-pylance-2024.4.1/dist/bundled/stubs/networkx/algorithms/bipartite/generators.pyi (5585ms)
2024-04-20 05:02:53.085 [info] [Info  - 05:02:52] (1760) [IDX(2)] Long operation: parsing: file:///home/cansat-stu/.vscode-server/extensions/ms-python.vscode-pylance-2024.4.1/dist/bundled/stubs/networkx/algorithms/flow/gomory_hu.pyi (3106ms)
2024-04-20 05:02:56.091 [info] [Info  - 05:02:55] (1760) [IDX(2)] Long operation: parsing: file:///home/cansat-stu/.vscode-server/extensions/ms-python.vscode-pylance-2024.4.1/dist/bundled/stubs/networkx/algorithms/flow/maxflow.pyi (2653ms)
2024-04-20 05:03:15.435 [info] [Info  - 05:03:12] (1760) [IDX(2)] Long operation: parsing: file:///home/cansat-stu/.vscode-server/extensions/ms-python.vscode-pylance-2024.4.1/dist/bundled/stubs/networkx/algorithms/tree/branchings.pyi (5338ms)
2024-04-20 05:03:21.877 [info] [Info  - 05:03:19] (1760) [IDX(2)] Long operation: binding: file:///home/cansat-stu/.vscode-server/extensions/ms-python.vscode-pylance-2024.4.1/dist/bundled/stubs/networkx/algorithms/tree/branchings.pyi (5348ms)
2024-04-20 05:03:36.871 [info] [Info  - 05:03:35] (1760) [IDX(2)] Long operation: parsing: file:///home/cansat-stu/.vscode-server/extensions/ms-python.vscode-pylance-2024.4.1/dist/bundled/stubs/networkx/algorithms/tree/coding.pyi (12510ms)
2024-04-20 05:03:48.124 [info] [Info  - 05:03:43] (1760) [IDX(2)] Long operation: parsing: file:///home/cansat-stu/.vscode-server/extensions/ms-python.vscode-pylance-2024.4.1/dist/bundled/stubs/networkx/algorithms/tree/decomposition.pyi (2977ms)
2024-04-20 05:03:58.124 [info] [Info  - 05:03:56] (1760) [IDX(2)] Long operation: parsing: file:///home/cansat-stu/.vscode-server/extensions/ms-python.vscode-pylance-2024.4.1/dist/bundled/stubs/networkx/algorithms/tree/mst.pyi (6692ms)
2024-04-20 05:04:05.266 [info] [Info  - 05:04:01] (1760) [IDX(2)] Long operation: binding: file:///home/cansat-stu/.vscode-server/extensions/ms-python.vscode-pylance-2024.4.1/dist/bundled/stubs/networkx/algorithms/tree/mst.pyi (2545ms)
2024-04-20 05:04:11.284 [info] [Info  - 05:04:09] (1760) [IDX(2)] Long operation: parsing: file:///home/cansat-stu/.vscode-server/extensions/ms-python.vscode-pylance-2024.4.1/dist/bundled/stubs/networkx/algorithms/tree/operations.pyi (7261ms)
2024-04-20 05:04:16.478 [info] [Info  - 05:04:15] (1760) [IDX(2)] Long operation: parsing: file:///home/cansat-stu/.vscode-server/extensions/ms-python.vscode-pylance-2024.4.1/dist/bundled/stubs/networkx/algorithms/tree/recognition.pyi (2985ms)
2024-04-20 05:04:25.056 [info] [Info  - 05:04:22] (1760) [IDX(2)] Long operation: parsing: file:///home/cansat-stu/.vscode-server/extensions/ms-python.vscode-pylance-2024.4.1/dist/bundled/stubs/networkx/classes/graph.pyi (8192ms)
2024-04-20 05:04:43.221 [info] [Info  - 05:04:35] (1760) [IDX(2)] Long operation: parsing: file:///home/cansat-stu/.vscode-server/extensions/ms-python.vscode-pylance-2024.4.1/dist/bundled/stubs/networkx/classes/digraph.pyi (4295ms)
2024-04-20 05:05:05.320 [info] [Info  - 05:04:58] (1760) [IDX(2)] Long operation: binding: file:///home/cansat-stu/.vscode-server/extensions/ms-python.vscode-pylance-2024.4.1/dist/bundled/stubs/networkx/classes/multigraph.pyi (2029ms)
2024-04-20 05:05:47.626 [info] [Info  - 05:05:41] (1760) [IDX(2)] Long operation: parsing: file:///home/cansat-stu/.vscode-server/extensions/ms-python.vscode-pylance-2024.4.1/dist/bundled/stubs/networkx/classes/multidigraph.pyi (5895ms)
2024-04-20 05:06:32.494 [info] [Info  - 05:06:17] (1760) [IDX(2)] Long operation: parsing: file:///home/cansat-stu/.vscode-server/extensions/ms-python.vscode-pylance-2024.4.1/dist/bundled/stubs/networkx/classes/function.pyi (15785ms)
2024-04-20 05:07:43.500 [info] [Info  - 05:07:29] (1760) [IDX(2)] Long operation: binding: file:///home/cansat-stu/.vscode-server/extensions/ms-python.vscode-pylance-2024.4.1/dist/bundled/stubs/networkx/classes/function.pyi (20360ms)
2024-04-20 05:09:25.391 [info] [Info  - 05:09:06] (1760) [IDX(2)] Long operation: parsing: file:///home/cansat-stu/.vscode-server/extensions/ms-python.vscode-pylance-2024.4.1/dist/bundled/stubs/networkx/classes/graphviews.pyi (41269ms)
2024-04-20 05:25:23.395 [info] [Info  - 05:25:22] (1760) [IDX(2)] Long operation: parsing: file:///home/cansat-stu/.vscode-server/extensions/ms-python.vscode-pylance-2024.4.1/dist/bundled/stubs/networkx/drawing/layout.pyi (29367ms)
2024-04-20 05:25:26.007 [info] [Info  - 05:25:25] (1760) [IDX(2)] Long operation: binding: file:///home/cansat-stu/.vscode-server/extensions/ms-python.vscode-pylance-2024.4.1/dist/bundled/stubs/networkx/drawing/layout.pyi (16205ms)
2024-04-20 05:26:13.147 [info] [Info  - 05:26:11] (1760) [IDX(2)] Long operation: parsing: file:///home/cansat-stu/.vscode-server/extensions/ms-python.vscode-pylance-2024.4.1/dist/bundled/stubs/networkx/drawing/nx_pylab.pyi (193218ms)
2024-04-20 05:26:23.794 [info] [Info  - 05:26:22] (1760) [IDX(2)] Long operation: binding: file:///home/cansat-stu/.vscode-server/extensions/ms-python.vscode-pylance-2024.4.1/dist/bundled/stubs/networkx/drawing/nx_pylab.pyi (24165ms)
2024-04-20 05:26:50.914 [info] [Info  - 05:26:49] (1760) [IDX(2)] Long operation: parsing: file:///home/cansat-stu/.vscode-server/extensions/ms-python.vscode-pylance-2024.4.1/dist/bundled/stubs/networkx/generators/atlas.pyi (453110ms)
2024-04-20 05:28:10.300 [info] [Info  - 05:28:09] (1760) [IDX(2)] Long operation: parsing: file:///home/cansat-stu/.vscode-server/extensions/ms-python.vscode-pylance-2024.4.1/dist/bundled/stubs/networkx/generators/community.pyi (2283ms)
2024-04-20 05:28:23.349 [info] [Info  - 05:28:22] (1760) [IDX(2)] Long operation: parsing: file:///home/cansat-stu/.vscode-server/extensions/ms-python.vscode-pylance-2024.4.1/dist/bundled/stubs/networkx/linalg/attrmatrix.pyi (2113ms)
2024-04-20 05:28:30.063 [info] [Info  - 05:28:29] (1760) [IDX(2)] Long operation: parsing: file:///home/cansat-stu/.vscode-server/extensions/ms-python.vscode-pylance-2024.4.1/dist/bundled/stubs/networkx/linalg/spectrum.pyi (7190ms)
2024-04-20 05:29:13.697 [info] [Info  - 05:29:12] (1760) [IDX(2)] Long operation: parsing: file:///home/cansat-stu/.vscode-server/extensions/ms-python.vscode-pylance-2024.4.1/dist/bundled/stubs/networkx/linalg/graphmatrix.pyi (3254ms)
2024-04-20 05:29:26.664 [info] [Info  - 05:29:24] (1760) [IDX(2)] Long operation: parsing: file:///home/cansat-stu/.vscode-server/extensions/ms-python.vscode-pylance-2024.4.1/dist/bundled/stubs/networkx/linalg/laplacianmatrix.pyi (4414ms)
2024-04-20 05:29:37.339 [info] [Info  - 05:29:35] (1760) [IDX(2)] Long operation: parsing: file:///home/cansat-stu/.vscode-server/extensions/ms-python.vscode-pylance-2024.4.1/dist/bundled/stubs/networkx/linalg/algebraicconnectivity.pyi (6794ms)
2024-04-20 05:29:52.714 [info] [Info  - 05:29:50] (1760) [IDX(2)] Long operation: parsing: file:///home/cansat-stu/.vscode-server/extensions/ms-python.vscode-pylance-2024.4.1/dist/bundled/stubs/networkx/linalg/modularitymatrix.pyi (7504ms)
2024-04-20 05:29:59.900 [info] [Info  - 05:29:56] (1760) [IDX(2)] Long operation: parsing: file:///home/cansat-stu/.vscode-server/extensions/ms-python.vscode-pylance-2024.4.1/dist/bundled/stubs/networkx/linalg/bethehessianmatrix.pyi (2232ms)
2024-04-20 05:30:07.930 [info] [Info  - 05:30:06] (1760) [IDX(2)] Long operation: parsing: file:///home/cansat-stu/.vscode-server/extensions/ms-python.vscode-pylance-2024.4.1/dist/bundled/stubs/networkx/readwrite/graphml.pyi (5684ms)
2024-04-20 05:30:21.871 [info] [Info  - 05:30:19] (1760) [IDX(2)] Long operation: parsing: file:///home/cansat-stu/.vscode-server/extensions/ms-python.vscode-pylance-2024.4.1/dist/bundled/stubs/networkx/readwrite/gexf.pyi (2034ms)
2024-04-20 05:30:23.184 [info] [Info  - 05:30:22] (1760) [IDX(2)] Long operation: parsing: file:///home/cansat-stu/.vscode-server/extensions/ms-python.vscode-pylance-2024.4.1/dist/bundled/stubs/networkx/readwrite/json_graph/node_link.pyi (2194ms)
2024-04-20 05:30:27.575 [info] [Info  - 05:30:25] (1760) [IDX(2)] Long operation: parsing: file:///home/cansat-stu/.vscode-server/extensions/ms-python.vscode-pylance-2024.4.1/dist/bundled/stubs/networkx/readwrite/json_graph/adjacency.pyi (2190ms)
2024-04-20 05:30:31.796 [info] [Info  - 05:30:29] (1760) [IDX(2)] Long operation: parsing: file:///home/cansat-stu/.vscode-server/extensions/ms-python.vscode-pylance-2024.4.1/dist/bundled/stubs/networkx/readwrite/json_graph/jit.pyi (5306ms)
2024-04-20 05:30:37.240 [info] [Info  - 05:30:35] (1760) [IDX(2)] Long operation: indexing: file:///home/cansat-stu/.vscode-server/extensions/ms-python.vscode-pylance-2024.4.1/dist/typeshed-fallback/stubs/networkx/networkx/__init__.pyi (1600089ms)
2024-04-20 05:30:40.886 [info] [Info  - 05:30:40] (1760) [IDX(2)] Long operation: parsing: file:///home/cansat-stu/.vscode-server/extensions/ms-python.vscode-pylance-2024.4.1/dist/typeshed-fallback/stubs/oauthlib/oauthlib/__init__.pyi (6256ms)
2024-04-20 05:30:42.903 [info] [Info  - 05:30:41] (1760) [IDX(2)] Long operation: indexing: file:///home/cansat-stu/.vscode-server/extensions/ms-python.vscode-pylance-2024.4.1/dist/typeshed-fallback/stubs/oauthlib/oauthlib/__init__.pyi (18450ms)
2024-04-20 05:30:45.229 [info] [Info  - 05:30:44] (1760) [IDX(2)] Long operation: parsing: file:///home/cansat-stu/.vscode-server/extensions/ms-python.vscode-pylance-2024.4.1/dist/typeshed-fallback/stubs/pexpect/pexpect/__init__.pyi (10616ms)
2024-04-20 05:30:46.450 [info] [Info  - 05:30:45] (1760) [IDX(2)] Long operation: parsing: file:///home/cansat-stu/.vscode-server/extensions/ms-python.vscode-pylance-2024.4.1/dist/typeshed-fallback/stubs/pexpect/pexpect/exceptions.pyi (4003ms)
2024-04-20 05:30:46.696 [info] [Info  - 05:30:46] (1760) [IDX(2)] Long operation: parsing: file:///home/cansat-stu/.vscode-server/extensions/ms-python.vscode-pylance-2024.4.1/dist/typeshed-fallback/stubs/pexpect/pexpect/pty_spawn.pyi (3330ms)
2024-04-20 05:30:46.699 [info] [Info  - 05:30:46] (1760) [IDX(2)] Long operation: parsing: file:///home/cansat-stu/.vscode-server/extensions/ms-python.vscode-pylance-2024.4.1/dist/typeshed-fallback/stubs/pexpect/pexpect/run.pyi (3477ms)
2024-04-20 05:30:46.703 [info] [Info  - 05:30:46] (1760) [IDX(2)] Long operation: indexing: file:///home/cansat-stu/.vscode-server/extensions/ms-python.vscode-pylance-2024.4.1/dist/typeshed-fallback/stubs/pexpect/pexpect/__init__.pyi (45495ms)
2024-04-20 05:30:46.705 [info] [Info  - 05:30:46] (1760) [IDX(2)] Long operation: parsing: file:///home/cansat-stu/.vscode-server/extensions/ms-python.vscode-pylance-2024.4.1/dist/typeshed-fallback/stubs/psutil/psutil/__init__.pyi (3965ms)
2024-04-20 05:30:46.706 [info] [Info  - 05:30:46] (1760) [IDX(2)] Long operation: parsing: file:///home/cansat-stu/.vscode-server/extensions/ms-python.vscode-pylance-2024.4.1/dist/typeshed-fallback/stubs/psutil/psutil/_common.pyi (3008ms)
2024-04-20 05:30:46.707 [info] [Info  - 05:30:46] (1760) [IDX(2)] Long operation: parsing: file:///home/cansat-stu/.vscode-server/extensions/ms-python.vscode-pylance-2024.4.1/dist/typeshed-fallback/stubs/psutil/psutil/_pslinux.pyi (4151ms)
2024-04-20 05:30:46.708 [info] [Info  - 05:30:46] (1760) [IDX(2)] Long operation: indexing: file:///home/cansat-stu/.vscode-server/extensions/ms-python.vscode-pylance-2024.4.1/dist/typeshed-fallback/stubs/psutil/psutil/__init__.pyi (24802ms)
2024-04-20 05:30:46.709 [info] [Info  - 05:30:46] (1760) [IDX(2)] Long operation: indexing: file:///home/cansat-stu/.vscode-server/extensions/ms-python.vscode-pylance-2024.4.1/dist/typeshed-fallback/stubs/pyOpenSSL/OpenSSL/__init__.pyi (2039ms)
2024-04-20 05:30:46.710 [info] [Info  - 05:30:46] (1760) [IDX(2)] Long operation: parsing: file:///home/cansat-stu/.vscode-server/extensions/ms-python.vscode-pylance-2024.4.1/dist/typeshed-fallback/stubs/pyserial/serial/serialutil.pyi (3231ms)
2024-04-20 05:30:46.710 [info] [Info  - 05:30:46] (1760) [IDX(2)] Long operation: binding: file:///home/cansat-stu/.vscode-server/extensions/ms-python.vscode-pylance-2024.4.1/dist/typeshed-fallback/stubs/pyserial/serial/__init__.pyi (5549ms)
2024-04-20 05:30:46.711 [info] [Info  - 05:30:46] (1760) [IDX(2)] Long operation: parsing: file:///home/cansat-stu/.vscode-server/extensions/ms-python.vscode-pylance-2024.4.1/dist/typeshed-fallback/stubs/pyserial/serial/serialposix.pyi (6822ms)
2024-04-20 05:30:46.712 [info] [Info  - 05:30:46] (1760) [IDX(2)] Long operation: binding: file:///home/cansat-stu/.vscode-server/extensions/ms-python.vscode-pylance-2024.4.1/dist/typeshed-fallback/stubs/pyserial/serial/serialposix.pyi (3980ms)
2024-04-20 05:30:46.713 [info] [Info  - 05:30:46] (1760) [IDX(2)] Long operation: indexing: file:///home/cansat-stu/.vscode-server/extensions/ms-python.vscode-pylance-2024.4.1/dist/typeshed-fallback/stubs/pyserial/serial/__init__.pyi (20915ms)
2024-04-20 05:30:46.713 [info] [Info  - 05:30:46] (1760) [IDX(2)] Long operation: parsing: file:///home/cansat-stu/.vscode-server/extensions/ms-python.vscode-pylance-2024.4.1/dist/typeshed-fallback/stubs/requests/requests/__init__.pyi (7402ms)
2024-04-20 05:30:46.714 [info] [Info  - 05:30:46] (1760) [IDX(2)] Long operation: parsing: file:///home/cansat-stu/.vscode-server/extensions/ms-python.vscode-pylance-2024.4.1/dist/typeshed-fallback/stubs/requests/requests/api.pyi (5286ms)
2024-04-20 05:30:46.716 [info] [Info  - 05:30:46] (1760) [IDX(2)] Long operation: parsing: file:///home/cansat-stu/.vscode-server/extensions/ms-python.vscode-pylance-2024.4.1/dist/typeshed-fallback/stubs/requests/requests/exceptions.pyi (8608ms)
2024-04-20 05:30:46.717 [info] [Info  - 05:30:46] (1760) [IDX(2)] Long operation: binding: file:///home/cansat-stu/.vscode-server/extensions/ms-python.vscode-pylance-2024.4.1/dist/typeshed-fallback/stubs/requests/requests/exceptions.pyi (2702ms)
2024-04-20 05:30:46.718 [info] [Info  - 05:30:46] (1760) [IDX(2)] Long operation: parsing: file:///home/cansat-stu/.vscode-server/extensions/ms-python.vscode-pylance-2024.4.1/dist/typeshed-fallback/stubs/requests/requests/models.pyi (4991ms)
2024-04-20 05:30:46.718 [info] [Info  - 05:30:46] (1760) [IDX(2)] Long operation: parsing: file:///home/cansat-stu/.vscode-server/extensions/ms-python.vscode-pylance-2024.4.1/dist/typeshed-fallback/stubs/requests/requests/sessions.pyi (6721ms)
2024-04-20 05:30:46.719 [info] [Info  - 05:30:46] (1760) [IDX(2)] Long operation: binding: file:///home/cansat-stu/.vscode-server/extensions/ms-python.vscode-pylance-2024.4.1/dist/typeshed-fallback/stubs/requests/requests/sessions.pyi (2730ms)
2024-04-20 05:30:46.720 [info] [Info  - 05:30:46] (1760) [IDX(2)] Long operation: parsing: file:///home/cansat-stu/.vscode-server/extensions/ms-python.vscode-pylance-2024.4.1/dist/typeshed-fallback/stubs/requests/requests/status_codes.pyi (5310ms)
2024-04-20 05:30:46.720 [info] [Info  - 05:30:46] (1760) [IDX(2)] Long operation: binding: file:///home/cansat-stu/.vscode-server/extensions/ms-python.vscode-pylance-2024.4.1/dist/typeshed-fallback/stubs/requests/requests/status_codes.pyi (3237ms)
2024-04-20 05:30:46.721 [info] [Info  - 05:30:46] (1760) [IDX(2)] Long operation: indexing: file:///home/cansat-stu/.vscode-server/extensions/ms-python.vscode-pylance-2024.4.1/dist/typeshed-fallback/stubs/requests/requests/__init__.pyi (75279ms)
2024-04-20 05:30:46.722 [info] [Info  - 05:30:46] (1760) [IDX(2)] Long operation: parsing: file:///home/cansat-stu/.vscode-server/extensions/ms-python.vscode-pylance-2024.4.1/dist/typeshed-fallback/stubs/requests-oauthlib/requests_oauthlib/oauth1_session.pyi (2153ms)
2024-04-20 05:30:46.723 [info] [Info  - 05:30:46] (1760) [IDX(2)] Long operation: parsing: file:///home/cansat-stu/.vscode-server/extensions/ms-python.vscode-pylance-2024.4.1/dist/typeshed-fallback/stubs/requests-oauthlib/requests_oauthlib/oauth2_auth.pyi (2227ms)
2024-04-20 05:30:46.724 [info] [Info  - 05:30:46] (1760) [IDX(2)] Long operation: indexing: file:///home/cansat-stu/.vscode-server/extensions/ms-python.vscode-pylance-2024.4.1/dist/typeshed-fallback/stubs/requests-oauthlib/requests_oauthlib/__init__.pyi (8269ms)
2024-04-20 05:30:46.725 [info] [Info  - 05:30:46] (1760) [IDX(2)] Long operation: parsing: file:///home/cansat-stu/.vscode-server/extensions/ms-python.vscode-pylance-2024.4.1/dist/typeshed-fallback/stubs/setuptools/pkg_resources/__init__.pyi (10825ms)
2024-04-20 05:30:46.725 [info] [Info  - 05:30:46] (1760) [IDX(2)] Long operation: binding: file:///home/cansat-stu/.vscode-server/extensions/ms-python.vscode-pylance-2024.4.1/dist/typeshed-fallback/stubs/setuptools/pkg_resources/__init__.pyi (6177ms)
2024-04-20 05:30:46.726 [info] [Info  - 05:30:46] (1760) [IDX(2)] Long operation: parsing: file:///home/cansat-stu/.vscode-server/extensions/ms-python.vscode-pylance-2024.4.1/dist/typeshed-fallback/stdlib/pkgutil.pyi (5290ms)
2024-04-20 05:30:46.726 [info] [Info  - 05:30:46] (1760) [IDX(2)] Long operation: indexing: file:///home/cansat-stu/.vscode-server/extensions/ms-python.vscode-pylance-2024.4.1/dist/typeshed-fallback/stubs/setuptools/pkg_resources/__init__.pyi (28577ms)
2024-04-20 05:30:51.131 [info] [Info  - 05:30:50] (1760) [IDX(2)] Long operation: indexing: file:///home/cansat-stu/.vscode-server/extensions/ms-python.vscode-pylance-2024.4.1/dist/typeshed-fallback/stubs/setuptools/setuptools/__init__.pyi (5220ms)
2024-04-20 05:31:14.301 [info] [Info  - 05:31:11] (1760) [IDX(2)] Long operation: indexing: file:///usr/lib/python3.9/distutils/__init__.py (5378ms)
2024-04-20 05:31:19.225 [info] [Info  - 05:31:17] (1760) [IDX(2)] Long operation: indexing: file:///usr/lib/python3.9/lib2to3/__init__.py (5298ms)
2024-04-20 05:31:30.256 [info] [Info  - 05:31:24] (1760) [IDX(2)] Long operation: indexing: file:///usr/lib/python3.9/pydoc_data/__init__.py (3766ms)
2024-04-20 05:31:45.088 [info] [Info  - 05:31:40] (1760) [IDX(2)] Long operation: indexing: file:///usr/lib/python3.9/wsgiref/__init__.py (2032ms)
2024-04-20 05:31:58.735 [info] [Info  - 05:31:54] (1760) [IDX(2)] Long operation: parsing: file:///usr/lib/python3.9/xml/__init__.py (17911ms)
2024-04-20 05:31:59.500 [info] [Info  - 05:31:59] (1760) [IDX(2)] Long operation: binding: file:///usr/lib/python3.9/xml/__init__.py (3322ms)
2024-04-20 05:31:59.530 [info] [Info  - 05:31:59] (1760) [IDX(2)] Long operation: indexing: file:///usr/lib/python3.9/xml/__init__.py (29082ms)
2024-04-20 05:31:59.583 [info] [Info  - 05:31:59] (1760) [IDX(2)] Long operation: indexing: file:///usr/lib/python3.9/xmlrpc/__init__.py (6288ms)
2024-04-20 05:32:07.153 [info] [Info  - 05:32:06] (1760) [IDX(2)] Long operation: parsing: file:///usr/lib/python3/dist-packages/apt/__init__.py (4901ms)
2024-04-20 05:32:53.240 [info] [Info  - 05:32:52] (1760) [IDX(2)] Long operation: parsing: file:///usr/lib/python3/dist-packages/apt/package.py (44166ms)
2024-04-20 05:32:59.823 [info] [Info  - 05:32:58] (1760) [IDX(2)] Long operation: parsing: file:///usr/lib/python3/dist-packages/apt/cache.py (2189ms)
2024-04-20 05:33:02.986 [info] [Info  - 05:33:00] (1760) [IDX(2)] Long operation: indexing: file:///usr/lib/python3/dist-packages/apt/__init__.py (56283ms)
2024-04-20 05:33:53.063 [info] [Info  - 05:33:44] (1760) [IDX(2)] Long operation: parsing: file:///usr/lib/python3/dist-packages/cryptography/__init__.py (2422ms)
2024-04-20 05:34:33.677 [info] [Info  - 05:34:21] (1760) [IDX(2)] Long operation: binding: file:///usr/lib/python3/dist-packages/cryptography/__init__.py (7115ms)
2024-04-20 05:35:33.635 [info] [Info  - 05:35:27] (1760) [IDX(2)] Long operation: parsing: file:///usr/lib/python3/dist-packages/cryptography/__about__.py (21648ms)
2024-04-20 05:36:26.913 [info] [Info  - 05:36:12] (1760) [IDX(2)] Long operation: binding: file:///usr/lib/python3/dist-packages/cryptography/__about__.py (10085ms)
2024-04-20 05:37:53.021 [info] [Info  - 05:37:34] (1760) [IDX(2)] Long operation: indexing: file:///usr/lib/python3/dist-packages/cryptography/__init__.py (103188ms)
2024-04-20 05:39:24.476 [info] [Info  - 05:39:03] (1760) [IDX(2)] Long operation: parsing: file:///usr/lib/python3/dist-packages/cupshelpers/__init__.py (62121ms)
