2024-06-23 07:22:26.885 [info] ログ レベル: Info
2024-06-23 07:22:26.885 [info] Git の検証が検出されました: "git"
2024-06-23 07:22:26.885 [info] "git" から Git "2.30.2" を使用しています
2024-06-23 07:22:26.886 [info] > git rev-parse --show-toplevel [182ms]
2024-06-23 07:22:26.886 [info] > git rev-parse --git-dir --git-common-dir [957ms]
2024-06-23 07:22:26.886 [info] Open repository: /home/cansat-stu
2024-06-23 07:22:27.376 [info] > git rev-parse --show-toplevel [434ms]
2024-06-23 07:22:27.382 [info] > git config --get commit.template [451ms]
2024-06-23 07:22:27.546 [info] > git rev-parse --show-toplevel [132ms]
2024-06-23 07:22:28.547 [info] > git check-ignore -v -z --stdin [974ms]
2024-06-23 07:22:28.576 [info] > git for-each-ref --format=%(refname)%00%(upstream:short)%00%(objectname)%00%(upstream:track)%00%(upstream:remotename)%00%(upstream:remoteref) refs/heads/main refs/remotes/main [1057ms]
2024-06-23 07:22:28.919 [info] > git rev-parse --show-toplevel [421ms]
2024-06-23 07:22:29.001 [info] > git rev-parse --show-toplevel [38ms]
2024-06-23 07:22:30.702 [info] > git rev-parse --show-toplevel [1563ms]
2024-06-23 07:22:30.746 [info] > git rev-parse --show-toplevel [16ms]
2024-06-23 07:22:30.808 [info] > git rev-parse --show-toplevel [44ms]
2024-06-23 07:22:30.861 [info] > git rev-parse --show-toplevel [23ms]
2024-06-23 07:22:30.888 [info] > git rev-parse --show-toplevel [10ms]
2024-06-23 07:22:30.915 [info] > git rev-parse --show-toplevel [11ms]
2024-06-23 07:22:30.942 [info] > git rev-parse --show-toplevel [11ms]
2024-06-23 07:22:31.132 [info] > git rev-parse --show-toplevel [173ms]
2024-06-23 07:22:31.167 [info] > git rev-parse --show-toplevel [14ms]
2024-06-23 07:22:31.301 [info] > git rev-parse --show-toplevel [115ms]
2024-06-23 07:22:31.333 [info] > git rev-parse --show-toplevel [14ms]
2024-06-23 07:22:31.403 [info] > git rev-parse --show-toplevel [54ms]
2024-06-23 07:22:31.433 [info] > git rev-parse --show-toplevel [14ms]
2024-06-23 07:22:31.873 [info] > git rev-parse --show-toplevel [425ms]
2024-06-23 07:22:31.898 [info] > git rev-parse --show-toplevel [8ms]
2024-06-23 07:22:31.922 [info] > git rev-parse --show-toplevel [9ms]
2024-06-23 07:22:31.945 [info] > git rev-parse --show-toplevel [7ms]
2024-06-23 07:22:31.971 [info] > git rev-parse --show-toplevel [9ms]
2024-06-23 07:22:32.001 [info] > git rev-parse --show-toplevel [12ms]
2024-06-23 07:22:32.032 [info] > git rev-parse --show-toplevel [14ms]
2024-06-23 07:22:32.059 [info] > git rev-parse --show-toplevel [11ms]
2024-06-23 07:22:32.099 [info] > git rev-parse --show-toplevel [18ms]
2024-06-23 07:22:32.132 [info] > git rev-parse --show-toplevel [18ms]
2024-06-23 07:22:32.157 [info] > git rev-parse --show-toplevel [8ms]
2024-06-23 07:22:32.332 [info] > git show --textconv :motor/motor_2.py [130ms]
2024-06-23 07:22:32.644 [info] > git show --textconv :motor/motor.py [354ms]
2024-06-23 07:22:32.646 [info] > git ls-files --stage -- /home/cansat-stu/motor/motor_2.py [403ms]
2024-06-23 07:22:32.670 [info] > git ls-files --stage -- /home/cansat-stu/motor/motor.py [346ms]
2024-06-23 07:22:33.214 [info] > git ls-files --stage -- /home/cansat-stu/motor/motor_2.py [102ms]
2024-06-23 07:22:33.233 [info] > git show --textconv :motor/motor_2.py [140ms]
2024-06-23 07:22:41.918 [info] > git status -z -uall [13221ms] (cancelled)
2024-06-23 07:22:41.918 [info] > git show --textconv :motor/motor.py [1760ms]
2024-06-23 07:22:41.930 [info] > git ls-files --stage -- /home/cansat-stu/motor/motor.py [1755ms]
2024-06-23 07:22:45.369 [info] > git show --textconv :motor/motor_2.py [3157ms]
2024-06-23 07:22:45.476 [info] > git ls-files --stage -- /home/cansat-stu/motor/motor_2.py [3242ms]
