2024-06-23 06:34:44.113 [info] ログ レベル: Info
2024-06-23 06:34:44.113 [info] Git の検証が検出されました: "git"
2024-06-23 06:34:44.113 [info] "git" から Git "2.30.2" を使用しています
2024-06-23 06:34:44.113 [info] > git rev-parse --show-toplevel [978ms]
2024-06-23 06:34:44.113 [info] > git rev-parse --git-dir --git-common-dir [17ms]
2024-06-23 06:34:44.113 [info] Open repository: /home/cansat-stu
2024-06-23 06:34:44.270 [info] > git rev-parse --show-toplevel [120ms]
2024-06-23 06:34:44.275 [info] > git config --get commit.template [142ms]
2024-06-23 06:34:45.004 [info] > git for-each-ref --format=%(refname)%00%(upstream:short)%00%(objectname)%00%(upstream:track)%00%(upstream:remotename)%00%(upstream:remoteref) refs/heads/main refs/remotes/main [402ms]
2024-06-23 06:34:45.026 [info] > git rev-parse --show-toplevel [725ms]
2024-06-23 06:34:45.094 [info] > git rev-parse --show-toplevel [10ms]
2024-06-23 06:34:45.142 [info] > git rev-parse --show-toplevel [20ms]
2024-06-23 06:34:45.249 [info] > git rev-parse --show-toplevel [72ms]
2024-06-23 06:34:45.350 [info] > git rev-parse --show-toplevel [77ms]
2024-06-23 06:34:45.407 [info] > git rev-parse --show-toplevel [19ms]
2024-06-23 06:34:45.519 [info] > git rev-parse --show-toplevel [70ms]
2024-06-23 06:34:45.758 [info] > git check-ignore -v -z --stdin [706ms]
2024-06-23 06:34:45.781 [info] > git rev-parse --show-toplevel [209ms]
2024-06-23 06:34:45.911 [info] > git rev-parse --show-toplevel [66ms]
2024-06-23 06:34:45.950 [info] > git rev-parse --show-toplevel [22ms]
2024-06-23 06:34:45.974 [info] > git rev-parse --show-toplevel [8ms]
2024-06-23 06:34:46.002 [info] > git rev-parse --show-toplevel [11ms]
2024-06-23 06:34:46.028 [info] > git rev-parse --show-toplevel [8ms]
2024-06-23 06:34:46.064 [info] > git rev-parse --show-toplevel [20ms]
2024-06-23 06:34:46.099 [info] > git rev-parse --show-toplevel [19ms]
2024-06-23 06:34:46.148 [info] > git rev-parse --show-toplevel [31ms]
2024-06-23 06:34:46.173 [info] > git rev-parse --show-toplevel [9ms]
2024-06-23 06:34:46.211 [info] > git rev-parse --show-toplevel [20ms]
2024-06-23 06:34:46.250 [info] > git rev-parse --show-toplevel [23ms]
2024-06-23 06:34:46.273 [info] > git rev-parse --show-toplevel [7ms]
2024-06-23 06:34:46.298 [info] > git rev-parse --show-toplevel [8ms]
2024-06-23 06:34:46.332 [info] > git rev-parse --show-toplevel [19ms]
2024-06-23 06:34:46.370 [info] > git rev-parse --show-toplevel [22ms]
2024-06-23 06:34:46.406 [info] > git rev-parse --show-toplevel [20ms]
2024-06-23 06:34:46.446 [info] > git rev-parse --show-toplevel [23ms]
2024-06-23 06:34:46.472 [info] > git rev-parse --show-toplevel [10ms]
2024-06-23 06:34:46.614 [info] > git ls-files --stage -- /home/cansat-stu/BMX055/BMX055.py [74ms]
2024-06-23 06:34:46.677 [info] > git show --textconv :BMX055/BMX055.py [159ms]
2024-06-23 06:34:46.680 [info] > git cat-file -s 9a50af0801b393b47d4f84ed0868833b34a781f0 [48ms]
2024-06-23 06:34:46.730 [info] > git check-ignore -v -z --stdin [81ms]
2024-06-23 06:34:49.554 [info] > git check-ignore -v -z --stdin [538ms]
2024-06-23 06:34:51.973 [info] > git check-ignore -v -z --stdin [749ms]
2024-06-23 06:34:52.616 [info] > git check-ignore -v -z --stdin [60ms]
