2024-04-14 17:04:37.170 [info] ログ レベル: Info
2024-04-14 17:04:37.170 [info] Git の検証が検出されました: "git"
2024-04-14 17:04:37.170 [info] "git" から Git "2.30.2" を使用しています
2024-04-14 17:04:37.170 [info] > git rev-parse --show-toplevel [73ms]
2024-04-14 17:04:37.170 [info] fatal: not a git repository (or any of the parent directories): .git
2024-04-14 17:04:37.170 [info] > git rev-parse --show-toplevel [21ms]
2024-04-14 17:04:37.171 [info] fatal: not a git repository (or any of the parent directories): .git
2024-04-14 17:04:37.175 [info] > git rev-parse --show-toplevel [33ms]
2024-04-14 17:04:37.177 [info] fatal: not a git repository (or any of the parent directories): .git
2024-04-14 17:04:37.219 [info] > git rev-parse --show-toplevel [13ms]
2024-04-14 17:04:37.221 [info] fatal: not a git repository (or any of the parent directories): .git
2024-04-14 17:04:37.257 [info] > git rev-parse --show-toplevel [15ms]
2024-04-14 17:04:37.257 [info] fatal: not a git repository (or any of the parent directories): .git
2024-04-14 17:04:37.294 [info] > git rev-parse --show-toplevel [9ms]
2024-04-14 17:04:37.294 [info] fatal: not a git repository (or any of the parent directories): .git
2024-04-14 17:04:37.319 [info] > git rev-parse --show-toplevel [5ms]
2024-04-14 17:04:37.319 [info] fatal: not a git repository (or any of the parent directories): .git
2024-04-14 17:04:37.344 [info] > git rev-parse --show-toplevel [5ms]
2024-04-14 17:04:37.345 [info] fatal: not a git repository (or any of the parent directories): .git
2024-04-14 17:04:37.381 [info] > git rev-parse --show-toplevel [15ms]
2024-04-14 17:04:37.381 [info] fatal: not a git repository (or any of the parent directories): .git
2024-04-14 17:04:37.410 [info] > git rev-parse --show-toplevel [9ms]
2024-04-14 17:04:37.410 [info] fatal: not a git repository (or any of the parent directories): .git
2024-04-14 17:04:37.436 [info] > git rev-parse --show-toplevel [5ms]
2024-04-14 17:04:37.437 [info] fatal: not a git repository (or any of the parent directories): .git
2024-04-14 17:04:37.463 [info] > git rev-parse --show-toplevel [7ms]
2024-04-14 17:04:37.463 [info] fatal: not a git repository (or any of the parent directories): .git
2024-04-14 17:04:37.490 [info] > git rev-parse --show-toplevel [5ms]
2024-04-14 17:04:37.490 [info] fatal: not a git repository (or any of the parent directories): .git
2024-04-14 17:04:37.517 [info] > git rev-parse --show-toplevel [6ms]
2024-04-14 17:04:37.518 [info] fatal: not a git repository (or any of the parent directories): .git
2024-04-14 17:04:37.542 [info] > git rev-parse --show-toplevel [6ms]
2024-04-14 17:04:37.542 [info] fatal: not a git repository (or any of the parent directories): .git
2024-04-14 17:04:37.566 [info] > git rev-parse --show-toplevel [5ms]
2024-04-14 17:04:37.566 [info] fatal: not a git repository (or any of the parent directories): .git
2024-04-14 17:04:37.590 [info] > git rev-parse --show-toplevel [5ms]
2024-04-14 17:04:37.590 [info] fatal: not a git repository (or any of the parent directories): .git
2024-04-14 17:04:37.614 [info] > git rev-parse --show-toplevel [6ms]
2024-04-14 17:04:37.614 [info] fatal: not a git repository (or any of the parent directories): .git
