08:41:26.%f,0.0
08:41:27.%f,25482.375
08:41:28.%f,25482.875
08:41:29.%f,25482.375
08:41:30.%f,25481.75
08:41:31.%f,25482.5
08:41:32.%f,25481.875
08:41:33.%f,25482.9375
08:41:34.%f,25483.0625
08:41:35.%f,25482.8125
08:41:36.%f,25483.25
08:41:37.%f,25482.9375
08:41:38.%f,25482.8125
08:41:40.%f,25483.125
08:41:41.%f,25483.1875
08:41:42.%f,25481.5
08:41:43.%f,25479.0
08:41:44.%f,25478.8125
08:41:45.%f,25477.875
08:41:46.%f,25478.1875
08:41:47.%f,25477.8125
08:41:48.%f,25478.4375
08:41:49.%f,25478.1875
08:41:50.%f,25478.0
08:41:51.%f,25481.375
08:41:52.%f,25482.5
08:41:53.%f,25483.5625
08:41:54.%f,25483.625
08:41:55.%f,25482.9375
08:41:56.%f,25483.3125
08:41:57.%f,25482.875
08:41:58.%f,25483.4375
08:41:59.%f,25483.1875
08:42:00.%f,25483.1875
08:42:01.%f,25483.3125
09:27:50.%f,0.0
09:28:36.%f,0.0
09:29:28.%f,0.0
09:34:01.%f,0.0
09:34:43.%f,0.0
09:34:44.%f,-49.8125
09:34:45.%f,-49.4375
09:34:46.%f,-49.25
09:34:47.%f,-49.6875
09:34:48.%f,-49.5625
09:34:49.%f,-49.5
09:34:50.%f,-49.75
09:35:18.%f,0.0
09:35:19.%f,-50.375
09:35:20.%f,-49.8125
09:35:21.%f,-49.6875
09:35:22.%f,-49.6875
09:35:23.%f,-49.9375
