20:40:46.%f,0.0
20:40:47.%f,25408.9375
20:40:48.%f,25410.25
20:40:49.%f,25410.6875
20:40:50.%f,25409.3125
20:40:51.%f,25409.875
20:40:52.%f,25410.0625
20:40:53.%f,25410.0
20:44:13.%f,0.0
20:44:14.%f,25411.1875
20:44:15.%f,25410.75
20:44:16.%f,25411.3125
20:44:17.%f,25410.9375
20:44:18.%f,25410.3125
20:44:19.%f,25410.0
20:44:20.%f,25411.1875
20:44:21.%f,25411.625
20:44:49.%f,0.0
20:44:50.%f,25409.25
20:44:51.%f,25409.4375
20:44:52.%f,25409.5
20:44:53.%f,25409.9375
20:44:54.%f,25409.375
20:45:13.%f,0.0
20:45:14.%f,25410.0625
20:45:15.%f,25410.1875
20:45:16.%f,25409.9375
