2024-06-23 06:47:46.067 [info] ログ レベル: Info
2024-06-23 06:47:46.067 [info] Git の検証が検出されました: "git"
2024-06-23 06:47:46.067 [info] "git" から Git "2.30.2" を使用しています
2024-06-23 06:47:46.067 [info] > git rev-parse --show-toplevel [5209ms]
2024-06-23 06:47:46.189 [info] > git rev-parse --git-dir --git-common-dir [158ms]
2024-06-23 06:47:46.316 [info] Open repository: /home/cansat-stu
2024-06-23 06:47:50.886 [info] > git rev-parse --show-toplevel [405ms]
2024-06-23 06:47:50.899 [info] > git config --get commit.template [430ms]
2024-06-23 06:47:52.711 [info] > git rev-parse --show-toplevel [1784ms]
2024-06-23 06:47:52.817 [info] > git rev-parse --show-toplevel [49ms]
2024-06-23 06:47:53.454 [info] > git check-ignore -v -z --stdin [117ms]
2024-06-23 06:47:53.461 [info] > git rev-parse --show-toplevel [556ms]
2024-06-23 06:47:53.463 [info] > git for-each-ref --format=%(refname)%00%(upstream:short)%00%(objectname)%00%(upstream:track)%00%(upstream:remotename)%00%(upstream:remoteref) refs/heads/main refs/remotes/main [863ms]
2024-06-23 06:47:54.960 [info] > git check-ignore -v -z --stdin [2540ms]
2024-06-23 06:47:54.972 [info] > git rev-parse --show-toplevel [565ms]
2024-06-23 06:47:55.539 [info] > git rev-parse --show-toplevel [528ms]
2024-06-23 06:47:55.731 [info] > git rev-parse --show-toplevel [148ms]
2024-06-23 06:47:55.766 [info] > git rev-parse --show-toplevel [14ms]
2024-06-23 06:47:55.818 [info] > git rev-parse --show-toplevel [32ms]
2024-06-23 06:47:55.857 [info] > git rev-parse --show-toplevel [10ms]
2024-06-23 06:47:55.887 [info] > git rev-parse --show-toplevel [11ms]
2024-06-23 06:47:55.967 [info] > git rev-parse --show-toplevel [62ms]
2024-06-23 06:47:55.993 [info] > git rev-parse --show-toplevel [9ms]
2024-06-23 06:47:56.018 [info] > git rev-parse --show-toplevel [9ms]
2024-06-23 06:47:56.042 [info] > git rev-parse --show-toplevel [9ms]
2024-06-23 06:47:56.065 [info] > git rev-parse --show-toplevel [7ms]
2024-06-23 06:47:56.092 [info] > git rev-parse --show-toplevel [9ms]
2024-06-23 06:47:56.117 [info] > git rev-parse --show-toplevel [10ms]
2024-06-23 06:47:56.143 [info] > git rev-parse --show-toplevel [9ms]
2024-06-23 06:47:56.341 [info] > git rev-parse --show-toplevel [183ms]
2024-06-23 06:47:56.452 [info] > git rev-parse --show-toplevel [10ms]
2024-06-23 06:47:56.478 [info] > git rev-parse --show-toplevel [10ms]
2024-06-23 06:47:56.513 [info] > git rev-parse --show-toplevel [17ms]
2024-06-23 06:47:56.958 [info] > git rev-parse --show-toplevel [428ms]
2024-06-23 06:47:56.992 [info] > git rev-parse --show-toplevel [16ms]
2024-06-23 06:47:57.050 [info] > git rev-parse --show-toplevel [42ms]
2024-06-23 06:47:57.191 [info] > git rev-parse --show-toplevel [62ms]
2024-06-23 06:47:57.258 [info] > git rev-parse --show-toplevel [30ms]
2024-06-23 06:47:57.358 [info] > git show --textconv :motor/motor.py [54ms]
2024-06-23 06:47:57.488 [info] > git show --textconv :motor/mo [61ms]
2024-06-23 06:47:57.489 [info] > git ls-files --stage -- /home/cansat-stu/motor/motor.py [163ms]
2024-06-23 06:47:57.570 [info] > git ls-files --stage -- /home/cansat-stu/motor/mo [85ms]
2024-06-23 06:48:01.448 [info] > git status -z -uall [7887ms] (cancelled)
2024-06-23 06:48:05.295 [info] > git show --textconv :motor/motor.py [717ms]
2024-06-23 06:48:05.353 [info] > git ls-files --stage -- /home/cansat-stu/motor/motor.py [721ms]
2024-06-23 06:49:08.724 [info] > git check-ignore -v -z --stdin [24132ms]
