2024-06-23 06:24:34.606 [info] Extension host with pid 1482 started
2024-06-23 06:24:34.607 [error] Error: EEXIST: file already exists, open '/home/cansat-stu/.vscode-server/data/User/workspaceStorage/09fa70e0dd5646196701d52e21202798/vscode.lock'
2024-06-23 06:24:34.854 [info] Lock '/home/cansat-stu/.vscode-server/data/User/workspaceStorage/09fa70e0dd5646196701d52e21202798/vscode.lock': Could not acquire lock, checking if the file is stale.
2024-06-23 06:24:35.142 [info] ExtensionService#_doActivateExtension vscode.emmet, startup: false, activationEvent: 'onLanguage'
2024-06-23 06:24:35.267 [info] Lock '/home/cansat-stu/.vscode-server/data/User/workspaceStorage/09fa70e0dd5646196701d52e21202798/vscode.lock': The pid 1344 appears to be gone.
2024-06-23 06:24:35.273 [info] Lock '/home/cansat-stu/.vscode-server/data/User/workspaceStorage/09fa70e0dd5646196701d52e21202798/vscode.lock': Deleting a stale lock.
2024-06-23 06:24:35.407 [info] Lock '/home/cansat-stu/.vscode-server/data/User/workspaceStorage/09fa70e0dd5646196701d52e21202798/vscode.lock': Lock acquired.
2024-06-23 06:24:35.902 [info] ExtensionService#_doActivateExtension vscode.git-base, startup: true, activationEvent: '*', root cause: vscode.git
2024-06-23 06:24:36.228 [info] ExtensionService#_doActivateExtension vscode.git, startup: true, activationEvent: '*'
2024-06-23 06:24:36.233 [info] ExtensionService#_doActivateExtension vscode.github, startup: true, activationEvent: '*'
2024-06-23 06:24:39.171 [info] Eager extensions activated
2024-06-23 06:24:39.175 [info] ExtensionService#_doActivateExtension vscode.debug-auto-launch, startup: false, activationEvent: 'onStartupFinished'
2024-06-23 06:24:39.179 [info] ExtensionService#_doActivateExtension vscode.merge-conflict, startup: false, activationEvent: 'onStartupFinished'
2024-06-23 06:24:47.457 [warning] [Decorations] CAPPING events from decorations provider vscode.git 1281
2024-06-23 06:25:17.529 [info] ExtensionService#_doActivateExtension ms-python.python, startup: false, activationEvent: 'onLanguage:python', root cause: ms-python.debugpy
2024-06-23 06:25:25.089 [info] ExtensionService#_doActivateExtension ms-python.debugpy, startup: false, activationEvent: 'onLanguage:python'
2024-06-23 06:25:25.112 [info] ExtensionService#_doActivateExtension ms-python.vscode-pylance, startup: false, activationEvent: 'onLanguage:python'
2024-06-23 06:25:35.960 [warning] [Decorations] CAPPING events from decorations provider vscode.git 1283
2024-06-23 06:29:34.637 [error] Error: read ECONNRESET
	at Pipe.onStreamRead (node:internal/stream_base_commons:217:20)
